Removed Pin From Net: NetName=VCC Pin=Q?-1
Removed Pin From Net: NetName=NetIC1_1 Pin=Q?-2
Removed Pin From Net: NetName=NetD?_2 Pin=Q?-3
Removed Member From Class: ClassName=followEmSCH Member=Q?
Change Component Designator: OldDesignator=D? NewDesignator=D1
Change component parameters: Designator = "D1"; Footprint = "DO-214AC"; UniqueID = "\LTOQRHLY"
Change component parameters. Clean all parameters for all variants
Change component parameters (AddParameter): Name = "value"; Value = "8V"; VariantName = "[No Variations]"
Added Component: Designator=Q1(TO-220-AB)
Add component. Clean all parameters for all variants
Add component (AddParameter): Name = "ComponentLink1Description"; Value = "Manufacturer Link"; VariantName = "[No Variations]"
Add component (AddParameter): Name = "ComponentLink1URL"; Value = "http://www.fairchildsemi.com/"; VariantName = "[No Variations]"
Add component (AddParameter): Name = "ComponentLink2Description"; Value = "Datasheet"; VariantName = "[No Variations]"
Add component (AddParameter): Name = "ComponentLink2URL"; Value = "http://www.fairchildsemi.com/ds/2N%2F2N3904.pdf"; VariantName = "[No Variations]"
Add component (AddParameter): Name = "DatasheetVersion"; Value = "1997"; VariantName = "[No Variations]"
Add component (AddParameter): Name = "LatestRevisionDate"; Value = "15-Jan-2003"; VariantName = "[No Variations]"
Add component (AddParameter): Name = "LatestRevisionNote"; Value = "PCB Footprint 'BCY-W3/D4.7' replaced"; VariantName = "[No Variations]"
Add component (AddParameter): Name = "PackageDescription"; Value = "TO, Flat Index; 3 In-Line, Axial Leads; Body Dia. 4.5mm; Leads 0.51 x 0.48 mm (max)"; VariantName = "[No Variations]"
Add component (AddParameter): Name = "PackageReference"; Value = "TO-92A"; VariantName = "[No Variations]"
Add component (AddParameter): Name = "PackageVersion"; Value = "Sep-1998"; VariantName = "[No Variations]"
Add component (AddParameter): Name = "Published"; Value = "8-Jun-2000"; VariantName = "[No Variations]"
Add component (AddParameter): Name = "Publisher"; Value = "Altium Limited"; VariantName = "[No Variations]"
Added Pin To Net: NetName=NetIC1_1 Pin=Q1-1
Added Pin To Net: NetName=VCC Pin=Q1-2
Added Pin To Net: NetName=NetD?_2 Pin=Q1-3
Change Net Name : Old Net Name=NetD?_2 New Net Name=NetD1_2
Added Member To Class: ClassName=followEmSCH Member=Component Q1 BJT NPN transistor
